app/build/intermediates/manifest_merge_blame_file/debug/manifest-merger-blame-debug-report.txt
1<?xml version="1.0" encoding="utf-8"?>
2<!--
3 Replace com.test.game with the identifier of your game below, e.g.
4     com.gamemaker.game
5-->
6<manifest xmlns:android="http://schemas.android.com/apk/res/android"
7    package="org.libsdl.app"
8    android:installLocation="auto"
9    android:versionCode="1"
10    android:versionName="1.0" >
11
12    <uses-sdk
13        android:minSdkVersion="16"
13-->src/main/AndroidManifest.xml
14        android:targetSdkVersion="31" />
14-->src/main/AndroidManifest.xml
15
16    <!-- OpenGL ES 2.0 -->
17    <uses-feature android:glEsVersion="0x00020000" />
17-->src/main/AndroidManifest.xml:12:5-54
17-->src/main/AndroidManifest.xml:12:19-51
18
19    <!-- Touchscreen support -->
20    <uses-feature
20-->src/main/AndroidManifest.xml:15:5-17:36
21        android:name="android.hardware.touchscreen"
21-->src/main/AndroidManifest.xml:16:9-52
22        android:required="false" />
22-->src/main/AndroidManifest.xml:17:9-33
23
24    <!-- Game controller support -->
25    <uses-feature
25-->src/main/AndroidManifest.xml:20:5-22:36
26        android:name="android.hardware.bluetooth"
26-->src/main/AndroidManifest.xml:21:9-50
27        android:required="false" />
27-->src/main/AndroidManifest.xml:22:9-33
28    <uses-feature
28-->src/main/AndroidManifest.xml:23:5-25:36
29        android:name="android.hardware.gamepad"
29-->src/main/AndroidManifest.xml:24:9-48
30        android:required="false" />
30-->src/main/AndroidManifest.xml:25:9-33
31    <uses-feature
31-->src/main/AndroidManifest.xml:26:5-28:36
32        android:name="android.hardware.usb.host"
32-->src/main/AndroidManifest.xml:27:9-49
33        android:required="false" />
33-->src/main/AndroidManifest.xml:28:9-33
34
35    <!-- External mouse input events -->
36    <uses-feature
36-->src/main/AndroidManifest.xml:31:5-33:36
37        android:name="android.hardware.type.pc"
37-->src/main/AndroidManifest.xml:32:9-48
38        android:required="false" />
38-->src/main/AndroidManifest.xml:33:9-33
39
40    <!-- Audio recording support -->
41    <!-- if you want to capture audio, uncomment this. -->
42    <!--
43         <uses-feature
44        android:name="android.hardware.microphone"
45        android:required="false" />
46    -->
47
48
49    <!-- Allow downloading to the external storage on Android 5.1 and older -->
50    <!-- <uses-permission android:name="android.permission.WRITE_EXTERNAL_STORAGE" android:maxSdkVersion="22" /> -->
51
52
53    <!-- Allow access to Bluetooth devices -->
54    <!-- Currently this is just for Steam Controller support and requires setting SDL_HINT_JOYSTICK_HIDAPI_STEAM -->
55    <!-- <uses-permission android:name="android.permission.BLUETOOTH" android:maxSdkVersion="30" /> -->
56    <!-- <uses-permission android:name="android.permission.BLUETOOTH_CONNECT" /> -->
57
58
59    <!-- Allow access to the vibrator -->
60    <uses-permission android:name="android.permission.VIBRATE" />
60-->src/main/AndroidManifest.xml:50:5-66
60-->src/main/AndroidManifest.xml:50:22-63
61
62    <!-- if you want to capture audio, uncomment this. -->
63    <!-- <uses-permission android:name="android.permission.RECORD_AUDIO" /> -->
64    <!--
65 Create a Java class extending SDLActivity and place it in a
66         directory under app/src/main/java matching the package, e.g. app/src/main/java/com/gamemaker/game/MyGame.java
67 
68         then replace "SDLActivity" with the name of your class (e.g. "MyGame")
69         in the XML below.
70
71         An example Java class can be found in README-android.md
72    -->
73    <application
73-->src/main/AndroidManifest.xml:63:5-98:19
74        android:allowBackup="true"
74-->src/main/AndroidManifest.xml:65:9-35
75        android:debuggable="true"
76        android:hardwareAccelerated="true"
76-->src/main/AndroidManifest.xml:67:9-43
77        android:icon="@mipmap/ic_launcher"
77-->src/main/AndroidManifest.xml:64:9-43
78        android:label="@string/app_name"
78-->src/main/AndroidManifest.xml:63:18-50
79        android:theme="@android:style/Theme.NoTitleBar.Fullscreen" >
79-->src/main/AndroidManifest.xml:66:9-67
80
81        <!--
82        Example of setting SDL hints from AndroidManifest.xml:
83        <meta-data android:name="SDL_ENV.SDL_ACCELEROMETER_AS_JOYSTICK" android:value="0"/>
84        -->
85
86        <activity
86-->src/main/AndroidManifest.xml:73:9-97:20
87            android:name="org.libsdl.app.SDLActivity"
87-->src/main/AndroidManifest.xml:73:19-45
88            android:alwaysRetainTaskState="true"
88-->src/main/AndroidManifest.xml:75:13-49
89            android:configChanges="layoutDirection|locale|orientation|uiMode|screenLayout|screenSize|smallestScreenSize|keyboard|keyboardHidden|navigation"
89-->src/main/AndroidManifest.xml:77:13-156
90            android:exported="true"
90-->src/main/AndroidManifest.xml:79:13-36
91            android:label="@string/app_name"
91-->src/main/AndroidManifest.xml:74:13-45
92            android:launchMode="singleInstance"
92-->src/main/AndroidManifest.xml:76:13-48
93            android:preferMinimalPostProcessing="true" >
93-->src/main/AndroidManifest.xml:78:13-55
94            <intent-filter>
94-->src/main/AndroidManifest.xml:81:13-84:29
95                <action android:name="android.intent.action.MAIN" />
95-->src/main/AndroidManifest.xml:82:17-69
95-->src/main/AndroidManifest.xml:82:25-66
96
97                <category android:name="android.intent.category.LAUNCHER" />
97-->src/main/AndroidManifest.xml:83:17-77
97-->src/main/AndroidManifest.xml:83:27-74
98            </intent-filter>
99            <!-- Let Android know that we can handle some USB devices and should receive this event -->
100            <intent-filter>
100-->src/main/AndroidManifest.xml:86:13-88:29
101                <action android:name="android.hardware.usb.action.USB_DEVICE_ATTACHED" />
101-->src/main/AndroidManifest.xml:87:17-90
101-->src/main/AndroidManifest.xml:87:25-87
102            </intent-filter>
103            <!-- Drop file event -->
104            <!--
105            <intent-filter>
106                <action android:name="android.intent.action.VIEW" />
107                <category android:name="android.intent.category.DEFAULT" />
108                <data android:mimeType="*/*" />
109            </intent-filter>
110            -->
111        </activity>
112    </application>
113
114</manifest>